<?xml version="1.0" encoding="UTF-8"?>
<testng-results ignored="0" total="1" passed="1" failed="0" skipped="0">
  <reporter-output>
    <line>
      <![CDATA[Successfully executed]]>
    </line>
  </reporter-output>
  <suite started-at="2024-09-01T10:46:33 IST" name="Suite" finished-at="2024-09-01T10:46:33 IST" duration-ms="81">
    <groups>
    </groups>
    <test started-at="2024-09-01T10:46:33 IST" name="Test" finished-at="2024-09-01T10:46:33 IST" duration-ms="81">
      <class name="com.swagslab.testscript.Dummy">
        <test-method signature="openBrowser()[pri:0, instance:com.swagslab.testscript.Dummy@3ee37e5a]" started-at="2024-09-01T10:46:33 IST" name="openBrowser" finished-at="2024-09-01T10:46:33 IST" duration-ms="19" status="PASS">
          <reporter-output>
            <line>
              <![CDATA[Successfully executed]]>
            </line>
          </reporter-output>
        </test-method> <!-- openBrowser -->
      </class> <!-- com.swagslab.testscript.Dummy -->
    </test> <!-- Test -->
  </suite> <!-- Suite -->
</testng-results>
